Jun-14 14:30:22.727 [main] DEBUG nextflow.cli.Launcher - $> nextflow run mouzkolit/LexogeneUmiPipelineNextflow
Jun-14 14:30:22.773 [main] INFO  nextflow.cli.CmdRun - N E X T F L O W  ~  version 23.04.1
Jun-14 14:30:22.790 [main] DEBUG nextflow.plugin.PluginsFacade - Setting up plugin manager > mode=prod; embedded=false; plugins-dir=/home/data-science/.nextflow/plugins; core-plugins: nf-amazon@1.16.2,nf-azure@1.0.1,nf-codecommit@0.1.4,nf-console@1.0.5,nf-ga4gh@1.0.5,nf-google@1.7.3,nf-tower@1.5.12,nf-wave@0.8.2
Jun-14 14:30:22.797 [main] INFO  org.pf4j.DefaultPluginStatusProvider - Enabled plugins: []
Jun-14 14:30:22.798 [main] INFO  org.pf4j.DefaultPluginStatusProvider - Disabled plugins: []
Jun-14 14:30:22.800 [main] INFO  org.pf4j.DefaultPluginManager - PF4J version 3.4.1 in 'deployment' mode
Jun-14 14:30:22.807 [main] INFO  org.pf4j.AbstractPluginManager - No plugins
Jun-14 14:30:22.817 [main] DEBUG nextflow.scm.ProviderConfig - Using SCM config path: /home/data-science/.nextflow/scm
Jun-14 14:30:23.161 [main] DEBUG nextflow.scm.AssetManager - Git config: /home/data-science/.nextflow/assets/mouzkolit/LexogeneUmiPipelineNextflow/.git/config; branch: main; remote: origin; url: https://github.com/mouzkolit/LexogeneUmiPipelineNextflow.git
Jun-14 14:30:23.175 [main] DEBUG nextflow.scm.RepositoryFactory - Found Git repository result: [RepositoryFactory]
Jun-14 14:30:23.181 [main] DEBUG nextflow.scm.AssetManager - Git config: /home/data-science/.nextflow/assets/mouzkolit/LexogeneUmiPipelineNextflow/.git/config; branch: main; remote: origin; url: https://github.com/mouzkolit/LexogeneUmiPipelineNextflow.git
Jun-14 14:30:23.898 [main] DEBUG nextflow.config.ConfigBuilder - Found config base: /home/data-science/.nextflow/assets/mouzkolit/LexogeneUmiPipelineNextflow/nextflow.config
Jun-14 14:30:23.898 [main] DEBUG nextflow.config.ConfigBuilder - Found config local: /home/data-science/Desktop/nextflow_lexogen/nextflow.config
Jun-14 14:30:23.899 [main] DEBUG nextflow.config.ConfigBuilder - Parsing config file: /home/data-science/.nextflow/assets/mouzkolit/LexogeneUmiPipelineNextflow/nextflow.config
Jun-14 14:30:23.899 [main] DEBUG nextflow.config.ConfigBuilder - Parsing config file: /home/data-science/Desktop/nextflow_lexogen/nextflow.config
Jun-14 14:30:23.907 [main] DEBUG nextflow.config.ConfigBuilder - Applying config profile: `standard`
Jun-14 14:30:23.958 [main] DEBUG nextflow.config.ConfigBuilder - Applying config profile: `standard`
Jun-14 14:30:23.991 [main] DEBUG nextflow.cli.CmdRun - Applied DSL=2 by global default
Jun-14 14:30:23.992 [main] INFO  nextflow.cli.CmdRun - Launching `https://github.com/mouzkolit/LexogeneUmiPipelineNextflow` [big_golick] DSL2 - revision: 7fc7dbdf33 [main]
Jun-14 14:30:23.992 [main] DEBUG nextflow.plugin.PluginsFacade - Plugins default=[]
Jun-14 14:30:23.992 [main] DEBUG nextflow.plugin.PluginsFacade - Plugins resolved requirement=[]
Jun-14 14:30:23.994 [main] DEBUG nextflow.secret.LocalSecretsProvider - Secrets store: /home/data-science/.nextflow/secrets/store.json
Jun-14 14:30:23.997 [main] DEBUG nextflow.secret.SecretsLoader - Discovered secrets providers: [nextflow.secret.LocalSecretsProvider@35c4697c] - activable => nextflow.secret.LocalSecretsProvider@35c4697c
Jun-14 14:30:24.037 [main] DEBUG nextflow.Session - Session UUID: 2f5e316e-7f78-47b5-98d8-1f344301f624
Jun-14 14:30:24.037 [main] DEBUG nextflow.Session - Run name: big_golick
Jun-14 14:30:24.038 [main] DEBUG nextflow.Session - Executor pool size: 8
Jun-14 14:30:24.047 [main] DEBUG nextflow.util.ThreadPoolBuilder - Creating thread pool 'FileTransfer' minSize=10; maxSize=24; workQueue=LinkedBlockingQueue[10000]; allowCoreThreadTimeout=false
Jun-14 14:30:24.061 [main] DEBUG nextflow.cli.CmdRun - 
  Version: 23.04.1 build 5866
  Created: 15-04-2023 06:51 UTC (08:51 CEST)
  System: Linux 5.15.0-73-generic
  Runtime: Groovy 3.0.16 on OpenJDK 64-Bit Server VM 20.0.1+9-FR
  Encoding: UTF-8 (UTF-8)
  Process: 2325528@datascience-desktop [127.0.1.1]
  CPUs: 8 - Mem: 62.7 GB (31.1 GB) - Swap: 2 GB (2 GB)
Jun-14 14:30:24.071 [main] DEBUG nextflow.Session - Work-dir: /home/data-science/Desktop/nextflow_lexogen/work [ext2/ext3]
Jun-14 14:30:24.072 [main] DEBUG nextflow.Session - Script base path does not exist or is not a directory: /home/data-science/.nextflow/assets/mouzkolit/LexogeneUmiPipelineNextflow/bin
Jun-14 14:30:24.079 [main] DEBUG nextflow.executor.ExecutorFactory - Extension executors providers=[]
Jun-14 14:30:24.086 [main] DEBUG nextflow.Session - Observer factory: DefaultObserverFactory
Jun-14 14:30:24.110 [main] DEBUG nextflow.cache.CacheFactory - Using Nextflow cache factory: nextflow.cache.DefaultCacheFactory
Jun-14 14:30:24.117 [main] DEBUG nextflow.util.CustomThreadPool - Creating default thread pool > poolSize: 9; maxThreads: 1000
Jun-14 14:30:24.167 [main] DEBUG nextflow.Session - Session start
Jun-14 14:30:24.467 [main] DEBUG nextflow.script.ScriptRunner - > Launching execution
Jun-14 14:30:24.547 [main] DEBUG nextflow.Session - Session aborted -- Cause: Missing process or function baseDir()
Jun-14 14:30:24.557 [main] ERROR nextflow.cli.Launcher - @unknown
nextflow.exception.MissingProcessException: Missing process or function baseDir()
	at nextflow.script.WorkflowDef.run(WorkflowDef.groovy:191)
	at nextflow.script.BindableDef.invoke_a(BindableDef.groovy:51)
	at nextflow.script.IterableDef$invoke_a.call(Unknown Source)
	at org.codehaus.groovy.runtime.callsite.CallSiteArray.defaultCall(CallSiteArray.java:47)
	at org.codehaus.groovy.runtime.callsite.AbstractCallSite.call(AbstractCallSite.java:125)
	at org.codehaus.groovy.runtime.callsite.AbstractCallSite.call(AbstractCallSite.java:139)
	at nextflow.script.BaseScript.run0(BaseScript.groovy:183)
	at nextflow.script.BaseScript.run(BaseScript.groovy:192)
	at nextflow.script.ScriptParser.runScript(ScriptParser.groovy:229)
	at nextflow.script.ScriptRunner.run(ScriptRunner.groovy:224)
	at nextflow.script.ScriptRunner.execute(ScriptRunner.groovy:130)
	at nextflow.cli.CmdRun.run(CmdRun.groovy:368)
	at nextflow.cli.Launcher.run(Launcher.groovy:494)
	at nextflow.cli.Launcher.main(Launcher.groovy:653)
Caused by: groovy.lang.MissingMethodException: No signature of method: nextflow.script.WorkflowBinding.baseDir() is applicable for argument types: () values: []
Possible solutions: wait()
	at nextflow.script.WorkflowBinding.invokeMethod(WorkflowBinding.groovy:110)
	at org.codehaus.groovy.runtime.metaclass.ClosureMetaClass.invokeOnDelegationObjects(ClosureMetaClass.java:408)
	at org.codehaus.groovy.runtime.metaclass.ClosureMetaClass.invokeMethod(ClosureMetaClass.java:350)
	at org.codehaus.groovy.runtime.callsite.PogoMetaClassSite.callCurrent(PogoMetaClassSite.java:61)
	at org.codehaus.groovy.runtime.callsite.CallSiteArray.defaultCallCurrent(CallSiteArray.java:51)
	at org.codehaus.groovy.runtime.callsite.AbstractCallSite.callCurrent(AbstractCallSite.java:171)
	at org.codehaus.groovy.runtime.callsite.AbstractCallSite.callCurrent(AbstractCallSite.java:185)
	at Script_e80141b6$_runScript_closure12$_closure34.doCall(Script_e80141b6:207)
	at java.base/jdk.internal.reflect.DirectMethodHandleAccessor.invoke(DirectMethodHandleAccessor.java:104)
	at java.base/java.lang.reflect.Method.invoke(Method.java:578)
	at org.codehaus.groovy.reflection.CachedMethod.invoke(CachedMethod.java:107)
	at groovy.lang.MetaMethod.doMethodInvoke(MetaMethod.java:323)
	at org.codehaus.groovy.runtime.metaclass.ClosureMetaClass.invokeMethod(ClosureMetaClass.java:274)
	at groovy.lang.MetaClassImpl.invokeMethod(MetaClassImpl.java:1035)
	at groovy.lang.Closure.call(Closure.java:412)
	at groovy.lang.Closure.call(Closure.java:406)
	at nextflow.script.WorkflowDef.run0(WorkflowDef.groovy:204)
	at nextflow.script.WorkflowDef.run(WorkflowDef.groovy:188)
	... 13 common frames omitted
